<?xml version="1.0" encoding="UTF-8"?>
<!-- Generated by org.testng.reporters.JUnitXMLReporter -->
<testsuite ignored="0" hostname="SDGL1163" failures="1" tests="2" name="Test" time="51.032" errors="0" timestamp="2025-06-24T20:04:50 IST">
  <testcase classname="testCases.TC001_AccountregistrationTest" name="account_Verification" time="10.504"/>
  <testcase classname="testCases.TC_002_LoginIntoApplication" name="verify_loginAccount" time="10.043">
    <failure type="java.lang.AssertionError" message="null">
      <![CDATA[java.lang.AssertionError: null
at testCases.TC_002_LoginIntoApplication.verify_loginAccount(TC_002_LoginIntoApplication.java:39)
at java.base/java.util.ArrayList.forEach(ArrayList.java:1511)
... Removed 29 stack frames]]>
    </failure>
  </testcase> <!-- verify_loginAccount -->
</testsuite> <!-- Test -->
